                         t
                         t
                      ttttttt 
     aaaaaaa    ccccc    t    y     y   sssss
    a      a   c     c   t     y   y   s     s
      aaaaaa   c         t      y y    s
     a     a   c         t       y      sssss
    a      a   c         t       y           s
    a      a   c     c   t       y     s     s
     aaaaaa aa  ccccc    ttt     y      sssss      (v1.0)
                                 y            
                   
 -----------------------------------------------------------


            Welcome to "ACTYS" - ACTIVATION ANALYSIS CODE


                       NEUTRONICS GROUP, ITER-INDIA (IPR)
                                           SEPTEMBER 2020
 ------------------------------------------------------------
                   
 Wed Jun 26 16:25:45 2024      

 ***************************

CROSS SECTION DATA RETRIEVED FROM => /home/solps/mcnp_tools/ACTYS/Data
DECAY DATA => JEFF3.1.1RDD

 ***************************
 ---------------MATERIAL DESCRIPTION-------------   1.0000000000000000      KG 
      Cr  1.000000E+02

 ----------INPUT TIME SCENARIO-------------
 INTR             1
TIME   1.00000E+02 S FLUX 1.30000E+16


------Isotopic concentartion post material processing
 Cr50      5.03234E+23
 Cr52      9.70436E+24
 Cr53      1.10040E+24
 Cr54      2.73912E+23

 ------Initial Material Mass composition (grams)---------
Cr   1000.00000

 Pathways to be generated and saved
 Dominant nuclides will be printed
 Primary parent contribution will be listed
Total neutron flux from the "Flux file" :       2.00025E+14
 #           1
**********FINAL CONCENTRATION after DELTA TIME STEP  1.0000E+02  seconds********

      FLUX   1.30000E+16 --- Irradiation


----------------------------------------------------------------------------------------------------------------
NUCLIDE      HALF LIFE     ATOMS       MASS        ACTIVITY       DOSE      a-HEATING    b-HEATING    g-HEATING 
              seconds                   g             Bq          Sv/hr        KW           KW           KW    
-------------------------------------------------------------------------------------------------------------------
 H1            Stable  6.01095E+17  1.00595E-06            0            0            0            0            0
 H2            Stable  1.78036E+16  5.95439E-08            0            0            0            0            0
 H3       3.89105E+08  3.77668E+13  1.89146E-10  6.72774E+04  0.00000E+00  0.00000E+00  6.15202E-14  0.00000E+00
 He3           Stable  3.13000E+11  1.56758E-12            0            0            0            0            0
 He4           Stable  1.20871E+17  8.03365E-07            0            0            0            0            0
 Ar40          Stable  5.81704E+00  3.86013E-22            0            0            0            0            0
 K43      7.99200E+04  4.14223E+00  2.95498E-22  3.59256E-05  7.27979E-15  0.00000E+00  1.78179E-21  5.56114E-21
 Ca42          Stable  5.24302E+04  3.65302E-18            0            0            0            0            0
 Ca43          Stable  2.29359E+06  1.63613E-16            0            0            0            0            0
 Ca44          Stable  8.46828E+07  6.18099E-15            0            0            0            0            0
 Ca45     1.40832E+07  1.68669E+06  1.25914E-16  8.30156E-02  1.57533E-19  0.00000E+00  1.02683E-18  1.26930E-25
 Ca46          Stable  2.11051E+08  1.61049E-14            0            0            0            0            0
 Ca47     3.92083E+05  1.90662E+07  1.48659E-15  3.37063E+01  1.04435E-08  0.00000E+00  1.86102E-15  5.72657E-15
 Ca48     1.67255E+27  2.37173E+04  1.88854E-18  9.82905E-24  9.40754E-35  0.00000E+00  3.43910E-39  7.40155E-41
 Sc44     1.42920E+04  2.30427E+00  1.68203E-22  1.11755E-04  5.91013E-14  0.00000E+00  1.06720E-20  3.82411E-20
 Sc44m    2.10960E+05  1.07001E+00  7.81066E-23  3.51570E-06  1.50561E-16  0.00000E+00  1.84868E-23  1.55054E-22
 Sc45          Stable  4.12912E+06  3.08243E-16            0            0            0            0            0
 Sc45m    3.16000E-01  1.22547E+04  9.14825E-19  2.68807E+04  3.34002E-09  0.00000E+00  3.70382E-14  2.63272E-15
 Sc46     7.23928E+06  8.60638E+08  6.56756E-14  8.24044E+01  4.52327E-08  0.00000E+00  1.47958E-15  2.65307E-14
 Sc46m    1.87000E+01  4.60140E+07  3.51135E-15  1.70559E+06  1.14171E-05  0.00000E+00  1.60953E-11  2.26698E-11
 Sc47     2.89526E+05  4.86402E+08  3.79230E-14  1.16448E+03  1.01272E-08  0.00000E+00  3.03310E-14  2.02221E-14
 Sc48     1.57212E+05  6.97493E+08  5.55389E-14  3.07524E+03  2.89642E-06  0.00000E+00  1.08192E-13  1.65038E-12
 Sc49     3.43200E+03  5.10657E+08  4.15080E-14  1.03135E+05  3.45273E-08  0.00000E+00  1.35478E-11  5.51953E-14
 Sc50     1.02500E+02  2.43346E+07  2.01850E-15  1.64561E+05  1.49377E-04  0.00000E+00  4.28210E-11  8.43195E-11
 Sc50m    3.50000E-01  3.95935E+04  3.28419E-18  7.84118E+04  3.04117E-06  0.00000E+00  5.11130E-13  3.32170E-12
 Ti45     1.10880E+04  3.23677E+05  2.41640E-17  2.02341E+01  3.64011E-09  0.00000E+00  1.21033E-15  2.82640E-15
 Ti46          Stable  6.65147E+13  5.07548E-09            0            0            0            0            0
 Ti47          Stable  1.07450E+16  8.37735E-07            0            0            0            0            0
 Ti48          Stable  3.05406E+14  2.43162E-08            0            0            0            0            0
 Ti49          Stable  9.34712E+16  7.59732E-06            0            0            0            0            0
 Ti50          Stable  1.55189E+16  1.28706E-06            0            0            0            0            0
 Ti51     3.48000E+02  9.52039E+14  8.05415E-08  1.89627E+12  1.26989E+02  0.00000E+00  2.63996E-04  1.10758E-04
 Ti52     1.02000E+02  2.46432E+07  2.12571E-15  1.67464E+05  1.71180E-06  0.00000E+00  2.02465E-11  3.44562E-12
 V47      1.95600E+03  1.04751E+03  8.16749E-20  3.71206E-01  7.64809E-11  0.00000E+00  4.77662E-17  5.91793E-17
 V48      1.38015E+06  4.47743E+10  3.56522E-12  2.24868E+04  1.76424E-05  0.00000E+00  5.37817E-13  1.05055E-11
 V49      2.85120E+07  3.43779E+16  2.79426E-06  8.35751E+08  1.56570E-04  0.00000E+00  4.79794E-10  1.26798E-10
 V50      4.41797E+24  6.68802E+16  5.54699E-06  1.04930E-08  4.50738E-18  0.00000E+00  2.63595E-26  2.39312E-24
 V51           Stable  2.63972E+17  2.23305E-05            0            0            0            0            0
 V52      2.24700E+02  2.03232E+17  1.75300E-05  6.26923E+14  2.68882E+05  0.00000E+00  1.06907E-01  1.45479E-01
 V53      9.72000E+01  1.10666E+16  9.72936E-07  7.89178E+13  2.31463E+04  0.00000E+00  1.27086E-02  1.31699E-02
 V54      4.98000E+01  8.73609E+14  7.82580E-08  1.21594E+13  1.48738E+04  0.00000E+00  2.64466E-03  7.98265E-03
 Cr49     2.51400E+03  2.22024E+15  1.80473E-07  6.12152E+11  1.22069E+02  0.00000E+00  5.85027E-05  1.02711E-04
 Cr50     5.68037E+24  5.03233E+23  4.17368E+01  6.14070E-02  0.00000E+00  0.00000E+00  1.14835E-17  0.00000E+00
 Cr51     2.39354E+06  1.33163E+18  1.12650E-04  3.85627E+11  2.16145E+00  0.00000E+00  2.26419E-07  2.02100E-06
 Cr52          Stable  9.70436E+24  8.36993E+02            0            0            0            0            0
 Cr53          Stable  1.10040E+24  9.67359E+01            0            0            0            0            0
 Cr54          Stable  2.73913E+23  2.45337E+01            0            0            0            0            0
 Cr55     2.12400E+02  4.79781E+15  4.37711E-07  1.56572E+13  3.26948E+00  0.00000E+00  2.75066E-03  1.06434E-05
 Mn53     1.16132E+14  4.08481E+00  3.59100E-22  2.43807E-14  7.00455E-27  0.00000E+00  1.56313E-32  5.55522E-33
 Mn54     2.69680E+07  6.69978E+07  6.00100E-15  1.72202E+00  3.78511E-10  0.00000E+00  1.11105E-18  2.30651E-16
 Mn55          Stable  8.25364E+14  7.52953E-08            0            0            0            0            0
 Mn56     9.29664E+03  2.36120E+08  2.19329E-14  1.76049E+04  8.89169E-06  0.00000E+00  2.31625E-12  4.82389E-12
 Fe56          Stable  4.47281E+05  4.15444E-17            0            0            0            0            0


Number of isotopes for which inventory is listed  53  out of  376 considered


Net activity of the material is   7.365525E+14  Bq  or   1.990682E+04 Curie
Total Contact Dose is   3.071564E+05 Sv/hr
    Total Decay heat    2.921914E-01    KW

Total material mass :  1.00000E+03 g
    Specific activity :   7.36552E+14 Bq/Kg
 ------Material Mass composition (grams)---------
V5      0.00005
Cr    999.99990



---------------------------------------------------DOMINANT RADIONUCLIDES------ ---------------------------------------------
   NUCLIDE        Bq         % Activity  | NUCLIDE        Sv/hr         % Dose   |  NUCLIDE        KW       % Decay heat    |
-----------------------------------------------------------------------------------------------------------------------------
 1  V52        6.26923E+14       85.116  |  V52        2.68882E+05       87.539  |  V52        2.52386E-01       86.377
 2  V53        7.89178E+13       10.714  |  V53        2.31463E+04        7.536  |  V53        2.58785E-02        8.857
 3  Cr55       1.56572E+13        2.126  |  V54        1.48738E+04        4.842  |  V54        1.06273E-02        3.637
 4  V54        1.21594E+13        1.651  |  Ti51       1.26989E+02        0.041  |  Cr55       2.76130E-03        0.945
 5  Ti51       1.89627E+12        0.257  |  Cr49       1.22069E+02        0.040  |  Ti51       3.74754E-04        0.128
 6  Cr49       6.12152E+11        0.083  |  Cr55       3.26948E+00        0.001  |  Cr49       1.61214E-04        0.055
 7  Cr51       3.85627E+11        0.052  |  Cr51       2.16145E+00        0.001  |  Cr51       2.24742E-06        0.001
 8  V49        8.35751E+08        0.000  |                                       |


 ------------------------------------------------------------
  TYPE   Isotope          Bq/kg
     A   H3         6.72774E+04
     A   V49        8.35751E+08
Material is TYPE A (a/c to ANDRA Classification)    8.36E+05
 ------------------------------------------------------------

 *----------Gamma Spectrum-----------------*
 1    5.37021E+08    8.54938E+08
 2    5.17052E+02    2.74382E+02
 3    8.82288E-05    2.00658E-05
 4    3.64363E+10    3.86711E+09
 5    2.89563E+10    1.53662E+09
 6    2.05220E+11    6.53419E+09
 7    6.03915E+11    1.37348E+10
 8    1.24069E+12    1.97517E+10
 9    6.31568E+11    7.18183E+09
10    2.08534E+13    1.84437E+11
11    7.13861E+13    5.11922E+11
12    9.15397E+14    5.47862E+12
13    2.50500E+12    1.28644E+10
14    6.40449E+12    2.78578E+10
15    1.44118E+13    5.09859E+10
16    3.55333E+12    1.02853E+10
17    1.67923E+12    3.81904E+09
18    1.72770E-29    3.05611E-32
19    0.00000E+00    0.00000E+00
20    0.00000E+00    0.00000E+00
21    0.00000E+00    0.00000E+00
22    0.00000E+00    0.00000E+00
23    0.00000E+00    0.00000E+00
24    0.00000E+00    0.00000E+00
 *-----------------------------------------*



 *----Isotope wise Gamma Source (MeV/s)-----*
K43        3.47075E-05
Ca47       3.57285E+01
Sc44       2.38682E-04
Sc45m      1.59136E+01
Sc46       1.65592E+02
Sc46m      1.41494E+05
Sc47       1.26216E+02
Sc48       1.03008E+04
Sc49       1.07592E+02
Sc50       5.25275E+05
Sc50m      2.07217E+04
Ti45       1.76298E+01
Ti51       6.86518E+11
Ti52       2.15058E+04
V47        3.69369E-01
V48        6.55659E+04
V49        7.45980E+05
V52        9.05871E+14
V53        8.19524E+13
V54        4.97651E+13
Cr49       6.40233E+11
Cr51       1.26141E+10
Cr55       1.05408E+10
Mn54       1.43961E+00
Mn56       3.01083E+04
 *-----------------------------------------*
*******************END OF TIME STEP*************************


                                           Total CPU Time =      0.151 sec




  ---------------------PROBLEM SOLUTION TABLE---------------------------------------------------------
      TIME(s)   CUMLTVE TIME(y)  FLUX(n/cm2/s)  ACTIVITY(Bq/Kg)  Dose(mSv/h)  Heating(KW)  H3 Activity
  ----------------------------------------------------------------------------------------------------
  1      1.00E+02      3.17E-06      1.30E+16      7.37E+14      3.07E+08      2.92E-01      6.73E+04    A


Total Irradiation Time =   1.000000E+02  s
Total Fluence          =   1.300000E+18  n/cm2
Neutrons produced      =    11637
