                         t
                         t
                      ttttttt 
     aaaaaaa    ccccc    t    y     y   sssss
    a      a   c     c   t     y   y   s     s
      aaaaaa   c         t      y y    s
     a     a   c         t       y      sssss
    a      a   c         t       y           s
    a      a   c     c   t       y     s     s
     aaaaaa aa  ccccc    ttt     y      sssss      (v1.0)
                                 y            
                   
 -----------------------------------------------------------


            Welcome to "ACTYS" - ACTIVATION ANALYSIS CODE


                       NEUTRONICS GROUP, ITER-INDIA (IPR)
                                           SEPTEMBER 2020
 ------------------------------------------------------------
                   
 Tue Feb 15 16:02:21 2022      

 ***************************

CROSS SECTION DATA RETRIEVED FROM => C:/ACTYS/Data
DECAY DATA => JEFF3.1.1RDD

 ***************************
 ---------------MATERIAL DESCRIPTION-------------   1.0000000000000000      KG 
